<?xml version="1.0" encoding="UTF-8"?>
<testng-results skipped="0" failed="0" total="1" passed="1">
  <reporter-output>
  </reporter-output>
  <suite name="Default suite" duration-ms="23" started-at="2019-09-07T09:43:11Z" finished-at="2019-09-07T09:43:11Z">
    <groups>
    </groups>
    <test name="Default test" duration-ms="23" started-at="2019-09-07T09:43:11Z" finished-at="2019-09-07T09:43:11Z">
      <class name="AnnotationTest.SampleTest">
        <test-method status="PASS" signature="beforesuite()[pri:0, instance:AnnotationTest.SampleTest@f67b76]" name="beforesuite" is-config="true" duration-ms="11" started-at="2019-09-07T15:13:11Z" finished-at="2019-09-07T15:13:11Z">
          <reporter-output>
          </reporter-output>
        </test-method> <!-- beforesuite -->
        <test-method status="PASS" signature="beforetest()[pri:0, instance:AnnotationTest.SampleTest@f67b76]" name="beforetest" is-config="true" duration-ms="0" started-at="2019-09-07T15:13:11Z" finished-at="2019-09-07T15:13:11Z">
          <reporter-output>
          </reporter-output>
        </test-method> <!-- beforetest -->
        <test-method status="PASS" signature="beforeclass()[pri:0, instance:AnnotationTest.SampleTest@f67b76]" name="beforeclass" is-config="true" duration-ms="1" started-at="2019-09-07T15:13:11Z" finished-at="2019-09-07T15:13:11Z">
          <reporter-output>
          </reporter-output>
        </test-method> <!-- beforeclass -->
        <test-method status="PASS" signature="test()[pri:0, instance:AnnotationTest.SampleTest@f67b76]" name="test" duration-ms="7" started-at="2019-09-07T15:13:11Z" finished-at="2019-09-07T15:13:11Z">
          <reporter-output>
          </reporter-output>
        </test-method> <!-- test -->
        <test-method status="PASS" signature="beforemethod()[pri:0, instance:AnnotationTest.SampleTest@f67b76]" name="beforemethod" is-config="true" duration-ms="0" started-at="2019-09-07T15:13:11Z" finished-at="2019-09-07T15:13:11Z">
          <reporter-output>
          </reporter-output>
        </test-method> <!-- beforemethod -->
        <test-method status="PASS" signature="aftermethod()[pri:0, instance:AnnotationTest.SampleTest@f67b76]" name="aftermethod" is-config="true" duration-ms="1" started-at="2019-09-07T15:13:11Z" finished-at="2019-09-07T15:13:11Z">
          <reporter-output>
          </reporter-output>
        </test-method> <!-- aftermethod -->
        <test-method status="PASS" signature="afterclass()[pri:0, instance:AnnotationTest.SampleTest@f67b76]" name="afterclass" is-config="true" duration-ms="0" started-at="2019-09-07T15:13:11Z" finished-at="2019-09-07T15:13:11Z">
          <reporter-output>
          </reporter-output>
        </test-method> <!-- afterclass -->
        <test-method status="PASS" signature="aftertest()[pri:0, instance:AnnotationTest.SampleTest@f67b76]" name="aftertest" is-config="true" duration-ms="1" started-at="2019-09-07T15:13:11Z" finished-at="2019-09-07T15:13:11Z">
          <reporter-output>
          </reporter-output>
        </test-method> <!-- aftertest -->
        <test-method status="PASS" signature="aftersuite()[pri:0, instance:AnnotationTest.SampleTest@f67b76]" name="aftersuite" is-config="true" duration-ms="0" started-at="2019-09-07T15:13:11Z" finished-at="2019-09-07T15:13:11Z">
          <reporter-output>
          </reporter-output>
        </test-method> <!-- aftersuite -->
      </class> <!-- AnnotationTest.SampleTest -->
    </test> <!-- Default test -->
  </suite> <!-- Default suite -->
</testng-results>
